0 0 10 100
3 3 15 200
Sum Red Nova 450
Sum Star Trace 760
weights red nova 
myvector contains:
 40
 3
 2

weights star trace 
myvector contains:
 60
 9
 7

red_nova_stations: 4
max_weight red nova 40
star_trace_stations: 4
max_weight star trace 60
total : 121
total: *10 1210
redNova components
removed max weight 40

conected components 1 4
0 0 1 1 
conected components 2 4
2 2 2 2 
 size: 3

res: 2
starTracs components
removed max weight 60

conected components 1 4
0 0 1 1 
conected components 2 4
2 2 2 2 
 size: 3

res: 2
total_values: 
1410
1560
