4 1 10 100
2 3 15 200
Sum Red Nova 590
Sum Star Trace 6380
weights red nova 
myvector contains:
 40
 9
 5
 3
 2

weights star trace 
myvector contains:
 600
 9
 8
 7
 6
 5
 3

red_nova_stations: 6
max_weight red nova 40
star_trace_stations: 8
max_weight star trace 600
total : 697
total: *10 6970
redNova components
removed max weight 40

conected components 1 6
0 0 1 1 0 0 
conected components 2 8
2 2 2 2 2 2 2 2 
 size: 3

res: 2
starTracs components
removed max weight 600

conected components 1 8
0 0 0 0 0 1 1 0 
conected components 2 6
2 2 2 2 2 2 
 size: 3

res: 2
total_values: 
7170
7320
