371 1157 210 300
734 1451 240 360
Sum Red Nova 5178580
Sum Star Trace 10444830
weights red nova 
myvector contains:
 1019
 1019
 1017
 1016
 1016
 1016
 1014
 1014
 1013
 1012
 1012
 1009
 1008
 1007
 1007
 1006
 1006
 1005
 1003
 1002
 1002
 1002
 999
 998
 997
 993
 992
 992
 991
 991
 990
 989
 988
 988
 985
 984
 981
 980
 979
 977
 975
 975
 972
 972
 971
 969
 969
 968
 967
 967
 966
 964
 964
 964
 961
 959
 957
 956
 953
 953
 952
 951
 949
 949
 948
 947
 947
 946
 946
 944
 944
 944
 943
 943
 942
 942
 941
 941
 940
 938
 938
 935
 933
 933
 930
 930
 928
 927
 926
 925
 925
 925
 925
 924
 924
 920
 919
 919
 918
 917
 914
 914
 911
 911
 911
 909
 907
 905
 904
 902
 902
 902
 900
 898
 898
 894
 893
 892
 892
 890
 890
 885
 882
 881
 881
 880
 879
 878
 878
 873
 873
 871
 870
 870
 869
 869
 869
 868
 866
 864
 863
 863
 861
 860
 859
 859
 859
 856
 856
 855
 855
 855
 852
 852
 852
 852
 850
 849
 847
 847
 845
 843
 842
 838
 838
 837
 837
 837
 836
 835
 834
 833
 832
 831
 827
 826
 825
 825
 823
 822
 822
 822
 822
 821
 820
 819
 818
 817
 815
 814
 814
 812
 811
 811
 809
 809
 808
 808
 808
 807
 804
 803
 803
 802
 802
 802
 802
 802
 801
 801
 801
 800
 799
 799
 799
 798
 798
 798
 797
 797
 796
 794
 793
 793
 793
 792
 792
 791
 788
 787
 786
 785
 783
 782
 779
 778
 778
 777
 777
 773
 772
 772
 770
 770
 770
 767
 767
 767
 766
 761
 760
 759
 758
 758
 757
 757
 757
 756
 756
 755
 753
 752
 750
 749
 749
 749
 747
 745
 745
 745
 744
 744
 744
 742
 741
 740
 739
 738
 736
 735
 733
 730
 729
 728
 727
 726
 726
 725
 721
 719
 717
 717
 717
 716
 715
 713
 712
 712
 712
 712
 711
 711
 709
 707
 707
 707
 707
 706
 704
 704
 701
 701
 700
 699
 696
 696
 695
 693
 693
 692
 691
 690
 690
 688
 687
 687
 686
 685
 679
 678
 677
 677
 675
 674
 673
 673
 672
 664
 663
 663
 663
 662
 662
 661
 661
 661
 659
 659
 656
 655
 655
 654
 653
 652
 651
 651
 650
 649
 647
 647
 647
 646
 645
 645
 644
 643
 639
 639
 639
 638
 636
 634
 632
 631
 631
 631
 629
 629
 627
 627
 625
 624
 623
 622
 621
 621
 617
 616
 616
 614
 614
 612
 611
 609
 609
 606
 605
 604
 604
 604
 603
 602
 600
 599
 597
 597
 596
 595
 595
 593
 593
 592
 591
 591
 590
 590
 589
 586
 585
 582
 579
 577
 577
 576
 576
 576
 575
 575
 574
 574
 574
 572
 571
 569
 568
 567
 567
 566
 565
 564
 562
 561
 561
 560
 559
 559
 559
 559
 557
 557
 557
 556
 555
 554
 554
 553
 553
 553
 553
 551
 550
 549
 548
 547
 547
 546
 546
 546
 545
 545
 544
 544
 543
 542
 542
 541
 540
 539
 538
 538
 537
 535
 535
 535
 535
 534
 533
 533
 532
 531
 530
 530
 522
 521
 520
 519
 518
 516
 516
 516
 514
 513
 513
 512
 512
 510
 510
 509
 508
 507
 506
 505
 504
 502
 502
 502
 499
 498
 494
 492
 492
 492
 491
 490
 489
 488
 488
 488
 488
 488
 487
 487
 487
 486
 486
 483
 482
 482
 480
 480
 479
 479
 478
 478
 477
 476
 474
 473
 472
 471
 471
 469
 468
 468
 468
 468
 467
 467
 466
 465
 465
 465
 465
 463
 462
 462
 461
 461
 459
 459
 457
 456
 455
 453
 452
 450
 448
 447
 446
 446
 444
 444
 444
 442
 441
 441
 441
 440
 440
 439
 439
 439
 437
 437
 437
 436
 434
 433
 433
 433
 432
 432
 431
 430
 430
 429
 427
 427
 427
 426
 426
 426
 423
 422
 422
 421
 421
 421
 420
 420
 418
 418
 418
 418
 413
 411
 408
 407
 406
 404
 403
 402
 398
 398
 397
 397
 396
 396
 395
 394
 393
 392
 392
 390
 384
 383
 381
 380
 378
 375
 375
 375
 374
 372
 371
 371
 370
 369
 369
 368
 367
 367
 366
 366
 366
 365
 365
 365
 364
 361
 359
 359
 358
 357
 356
 354
 353
 352
 352
 350
 349
 348
 347
 346
 346
 345
 343
 343
 343
 343
 341
 339
 338
 338
 337
 336
 335
 332
 328
 328
 327
 327
 327
 326
 326
 325
 325
 323
 323
 321
 319
 318
 316
 316
 314
 313
 313
 312
 309
 309
 308
 306
 306
 305
 305
 300
 299
 298
 298
 297
 296
 296
 294
 294
 293
 293
 291
 290
 289
 288
 288
 287
 286
 286
 284
 281
 281
 277
 277
 275
 274
 272
 270
 268
 268
 268
 265
 265
 264
 264
 263
 262
 262
 261
 260
 260
 259
 259
 258
 257
 257
 255
 255
 254
 254
 254
 254
 252
 252
 251
 249
 249
 248
 247
 246
 246
 245
 244
 243
 242
 240
 239
 239
 238
 238
 235
 235
 234
 231
 230
 230
 229
 226
 226
 225
 225
 224
 223
 221
 217
 215
 214
 213
 212
 212
 211
 211
 211
 209
 206
 205
 205
 205
 204
 202
 198
 195
 195
 194
 194
 194
 194
 192
 190
 189
 188
 188
 188
 185
 185
 185
 184
 184
 183
 183
 183
 181
 180
 173
 173
 172
 171
 169
 169
 168
 167
 167
 167
 166
 165
 164
 164
 162
 161
 160
 159
 157
 154
 153
 153
 152
 151
 147
 146
 146
 146
 143
 143
 142
 142
 141
 141
 140
 140
 140
 138
 138
 138
 135
 133
 132
 132
 132
 131
 131
 125
 124
 121
 120
 120
 118
 116
 115
 115
 113
 112
 112
 110
 106
 106
 105
 105
 105
 103
 102
 102
 101
 101
 100
 100
 99
 98
 98
 96
 95
 95
 95
 94
 94
 93
 92
 90
 90
 88
 87
 83
 82
 81
 81
 80
 80
 80
 80
 77
 75
 72
 71
 71
 71
 69
 69
 65
 65
 63
 62
 62
 61
 61
 61
 61
 59
 59
 59
 59
 58
 57
 57
 57
 56
 56
 55
 54
 54
 53
 52
 48
 48
 47
 47
 46
 45
 45
 40
 40
 40
 38
 37
 37
 36
 33
 31
 31
 29
 29
 28
 26
 26
 25
 23

weights star trace 
myvector contains:
 1019
 1019
 1018
 1018
 1017
 1016
 1016
 1016
 1016
 1016
 1015
 1015
 1014
 1014
 1014
 1013
 1012
 1012
 1012
 1011
 1011
 1011
 1011
 1011
 1010
 1010
 1009
 1008
 1007
 1007
 1007
 1006
 1006
 1005
 1005
 1005
 1005
 1005
 1005
 1004
 1004
 1003
 1003
 1003
 1002
 1001
 1000
 998
 998
 996
 996
 996
 996
 996
 996
 995
 995
 995
 995
 994
 993
 993
 992
 991
 991
 991
 990
 990
 989
 989
 988
 988
 988
 988
 988
 988
 985
 985
 985
 984
 984
 984
 983
 983
 983
 979
 979
 979
 978
 978
 977
 977
 976
 976
 976
 975
 974
 973
 972
 971
 971
 971
 971
 970
 970
 969
 969
 969
 968
 968
 967
 966
 966
 965
 965
 965
 964
 963
 962
 961
 961
 960
 960
 958
 958
 957
 957
 957
 957
 957
 956
 956
 955
 955
 955
 954
 953
 952
 952
 952
 951
 951
 951
 951
 950
 950
 950
 949
 949
 948
 948
 946
 946
 946
 945
 945
 945
 943
 943
 943
 942
 942
 942
 942
 941
 941
 940
 940
 940
 940
 940
 939
 939
 938
 938
 938
 937
 937
 937
 937
 937
 937
 937
 936
 936
 936
 935
 934
 934
 933
 933
 933
 933
 932
 932
 931
 930
 929
 928
 928
 927
 926
 925
 925
 925
 924
 924
 924
 924
 923
 923
 923
 923
 922
 922
 922
 922
 922
 922
 921
 921
 920
 920
 920
 919
 918
 918
 917
 917
 917
 916
 916
 915
 915
 915
 914
 914
 913
 912
 912
 912
 912
 912
 912
 912
 912
 912
 910
 909
 909
 908
 908
 908
 907
 907
 907
 907
 906
 906
 905
 905
 905
 905
 905
 905
 904
 904
 904
 904
 903
 902
 901
 901
 900
 900
 900
 899
 898
 896
 896
 896
 895
 895
 895
 894
 894
 893
 892
 891
 891
 890
 889
 888
 887
 887
 886
 886
 886
 886
 886
 885
 885
 884
 884
 884
 884
 883
 883
 883
 882
 882
 880
 880
 879
 878
 877
 876
 876
 876
 875
 875
 875
 874
 873
 873
 873
 872
 871
 871
 871
 870
 870
 870
 870
 870
 870
 870
 869
 869
 868
 868
 867
 867
 867
 866
 866
 866
 865
 864
 864
 864
 864
 864
 864
 863
 863
 862
 861
 860
 860
 859
 858
 858
 858
 856
 855
 855
 853
 852
 852
 851
 850
 850
 849
 849
 849
 848
 848
 848
 848
 848
 847
 847
 847
 844
 843
 843
 841
 841
 841
 839
 838
 832
 832
 832
 832
 832
 832
 832
 831
 830
 830
 829
 828
 828
 828
 828
 828
 827
 826
 826
 825
 825
 824
 823
 822
 822
 822
 822
 822
 822
 822
 821
 821
 821
 820
 819
 819
 819
 818
 818
 817
 817
 816
 816
 815
 815
 814
 814
 814
 813
 813
 813
 812
 812
 812
 811
 810
 810
 810
 810
 808
 808
 807
 806
 806
 806
 806
 806
 805
 805
 805
 805
 805
 804
 804
 804
 804
 803
 802
 802
 802
 802
 801
 801
 800
 799
 799
 799
 798
 798
 798
 797
 797
 796
 796
 795
 795
 795
 794
 793
 792
 792
 791
 790
 790
 789
 789
 789
 788
 787
 787
 787
 786
 785
 785
 785
 783
 783
 782
 781
 781
 781
 781
 780
 779
 779
 779
 778
 778
 777
 775
 775
 775
 774
 773
 773
 772
 771
 771
 770
 770
 770
 769
 769
 769
 768
 768
 766
 766
 766
 765
 764
 762
 762
 761
 761
 761
 760
 759
 759
 757
 757
 757
 756
 755
 754
 753
 753
 752
 752
 751
 750
 750
 750
 750
 750
 748
 744
 744
 744
 743
 742
 742
 741
 741
 741
 740
 740
 739
 739
 738
 737
 736
 736
 736
 736
 735
 735
 735
 735
 734
 734
 734
 733
 733
 733
 733
 731
 730
 730
 730
 729
 729
 729
 729
 729
 728
 728
 728
 727
 726
 726
 725
 725
 724
 723
 723
 723
 722
 721
 721
 719
 719
 717
 717
 717
 716
 715
 714
 714
 713
 712
 710
 709
 709
 708
 708
 707
 706
 705
 705
 703
 703
 703
 701
 701
 699
 699
 698
 697
 697
 697
 696
 696
 696
 694
 694
 694
 693
 693
 693
 692
 692
 692
 692
 692
 692
 690
 690
 688
 688
 688
 687
 686
 686
 686
 685
 685
 684
 684
 684
 683
 683
 682
 681
 681
 680
 680
 679
 679
 679
 679
 678
 677
 677
 676
 675
 675
 675
 674
 674
 673
 673
 671
 669
 668
 668
 668
 666
 665
 665
 664
 664
 662
 662
 661
 661
 661
 661
 660
 660
 660
 659
 659
 657
 657
 656
 656
 655
 654
 653
 653
 652
 651
 651
 651
 651
 650
 650
 650
 650
 650
 649
 649
 649
 649
 648
 647
 647
 647
 645
 645
 644
 643
 643
 643
 643
 642
 642
 642
 642
 641
 640
 640
 639
 638
 637
 636
 636
 636
 635
 635
 634
 634
 634
 633
 633
 632
 632
 632
 632
 631
 630
 630
 630
 630
 629
 628
 627
 627
 626
 626
 625
 625
 625
 625
 624
 624
 622
 622
 621
 621
 621
 621
 617
 617
 617
 616
 616
 615
 614
 613
 612
 612
 612
 611
 611
 610
 608
 608
 608
 608
 607
 606
 606
 605
 605
 605
 604
 604
 604
 604
 603
 602
 601
 601
 601
 597
 596
 595
 594
 594
 594
 593
 593
 593
 592
 592
 592
 592
 591
 591
 590
 590
 589
 589
 589
 588
 588
 587
 584
 583
 583
 582
 582
 581
 580
 580
 579
 579
 578
 574
 574
 574
 574
 573
 573
 573
 572
 572
 571
 571
 570
 570
 568
 568
 568
 568
 568
 568
 567
 567
 567
 566
 565
 564
 563
 563
 563
 563
 563
 562
 561
 561
 561
 559
 559
 559
 558
 557
 557
 557
 556
 556
 556
 555
 555
 555
 555
 555
 554
 554
 553
 553
 552
 552
 552
 550
 549
 549
 548
 548
 548
 547
 547
 546
 546
 545
 545
 544
 544
 544
 542
 541
 541
 541
 540
 540
 540
 538
 538
 538
 535
 534
 534
 534
 534
 533
 533
 532
 532
 532
 532
 531
 531
 531
 531
 530
 530
 529
 528
 527
 527
 527
 527
 526
 526
 525
 524
 524
 524
 524
 523
 523
 522
 521
 521
 521
 521
 521
 520
 520
 520
 519
 519
 519
 519
 518
 518
 517
 516
 516
 515
 515
 514
 514
 513
 513
 512
 512
 511
 511
 510
 510
 509
 509
 508
 507
 507
 506
 505
 505
 504
 503
 503
 502
 502
 502
 502
 502
 502
 502
 501
 501
 500
 500
 498
 497
 497
 497
 496
 495
 495
 494
 493
 493
 493
 492
 492
 491
 491
 490
 490
 490
 489
 489
 488
 488
 487
 487
 486
 486
 486
 486
 486
 485
 484
 484
 483
 482
 482
 482
 482
 481
 480
 480
 479
 479
 479
 478
 478
 478
 478
 477
 477
 477
 476
 476
 476
 476
 476
 475
 474
 474
 474
 474
 473
 473
 473
 473
 472
 472
 472
 471
 471
 471
 471
 470
 470
 470
 469
 468
 468
 467
 466
 465
 465
 465
 464
 464
 464
 464
 463
 463
 462
 462
 462
 462
 460
 459
 459
 459
 459
 458
 458
 457
 457
 457
 456
 456
 456
 456
 455
 455
 454
 454
 454
 454
 453
 453
 452
 452
 451
 450
 449
 448
 448
 446
 446
 446
 446
 446
 445
 445
 445
 444
 444
 443
 443
 442
 442
 441
 440
 439
 438
 437
 436
 436
 436
 436
 433
 432
 432
 432
 431
 431
 430
 429
 429
 427
 427
 426
 425
 424
 424
 423
 423
 422
 422
 422
 422
 421
 420
 420
 420
 420
 419
 419
 419
 419
 419
 418
 418
 418
 416
 416
 415
 414
 414
 414
 414
 413
 413
 411
 410
 408
 407
 406
 406
 405
 404
 403
 403
 403
 403
 402
 401
 400
 399
 398
 398
 398
 397
 397
 396
 396
 396
 396
 396
 396
 395
 395
 394
 393
 392
 391
 391
 391
 389
 388
 388
 388
 388
 387
 387
 387
 387
 387
 386
 386
 385
 385
 384
 384
 382
 382
 381
 381
 381
 380
 380
 380
 379
 379
 378
 377
 377
 377
 376
 375
 374
 374
 374
 372
 371
 371
 371
 370
 370
 369
 369
 368
 368
 368
 367
 367
 367
 366
 365
 365
 365
 364
 364
 364
 364
 363
 363
 362
 362
 361
 360
 360
 358
 358
 357
 357
 356
 353
 352
 351
 349
 349
 349
 349
 348
 348
 347
 347
 346
 346
 345
 344
 344
 344
 343
 343
 342
 342
 341
 341
 340
 340
 339
 339
 337
 336
 335
 335
 335
 334
 333
 333
 332
 332
 331
 331
 331
 330
 330
 330
 330
 329
 329
 329
 327
 326
 326
 326
 326
 326
 325
 325
 324
 324
 324
 324
 324
 323
 323
 321
 321
 321
 321
 319
 319
 318
 318
 317
 317
 317
 316
 316
 316
 315
 315
 314
 314
 313
 313
 313
 312
 311
 310
 310
 308
 308
 308
 307
 306
 306
 304
 304
 304
 303
 303
 302
 302
 302
 302
 301
 301
 300
 300
 300
 299
 298
 298
 298
 297
 297
 295
 294
 294
 294
 294
 294
 293
 293
 293
 291
 289
 289
 288
 288
 287
 287
 285
 285
 284
 283
 283
 282
 282
 280
 280
 280
 280
 279
 279
 278
 278
 278
 276
 276
 276
 275
 275
 275
 274
 273
 273
 272
 272
 269
 268
 267
 267
 266
 266
 265
 265
 265
 264
 264
 264
 264
 264
 263
 263
 263
 262
 262
 261
 261
 261
 261
 261
 260
 258
 258
 258
 257
 257
 257
 257
 257
 256
 256
 256
 256
 255
 254
 253
 252
 251
 251
 250
 249
 248
 248
 247
 246
 246
 245
 245
 244
 244
 243
 243
 241
 240
 240
 239
 239
 239
 237
 236
 236
 236
 235
 235
 235
 235
 234
 234
 234
 234
 233
 233
 232
 232
 232
 231
 231
 229
 229
 228
 227
 227
 227
 227
 227
 226
 226
 225
 225
 224
 222
 222
 222
 221
 221
 221
 220
 220
 220
 220
 220
 218
 218
 218
 218
 218
 217
 217
 217
 216
 216
 215
 214
 214
 214
 213
 213
 212
 212
 211
 211
 210
 210
 210
 209
 208
 208
 207
 207
 206
 206
 206
 206
 205
 205
 205
 204
 204
 204
 204
 203
 203
 203
 202
 202
 202
 201
 200
 199
 198
 198
 198
 197
 197
 197
 197
 196
 196
 195
 195
 195
 195
 195
 195
 194
 194
 193
 192
 192
 191
 191
 191
 191
 189
 188
 187
 187
 187
 187
 186
 185
 185
 185
 185
 184
 184
 183
 181
 180
 180
 180
 180
 179
 179
 179
 178
 177
 177
 177
 177
 176
 175
 175
 175
 174
 174
 174
 173
 173
 171
 171
 171
 170
 170
 170
 169
 169
 167
 167
 166
 165
 165
 164
 164
 162
 161
 160
 159
 159
 159
 158
 157
 157
 156
 156
 154
 153
 152
 152
 152
 150
 150
 149
 149
 149
 149
 148
 148
 147
 147
 147
 146
 145
 145
 145
 145
 144
 144
 143
 143
 141
 141
 141
 140
 140
 138
 137
 137
 137
 136
 136
 135
 135
 135
 134
 134
 134
 133
 133
 133
 132
 131
 131
 131
 130
 130
 129
 129
 129
 129
 128
 127
 127
 126
 126
 125
 124
 124
 124
 123
 123
 123
 123
 122
 121
 121
 120
 119
 119
 119
 119
 118
 118
 117
 117
 117
 117
 116
 116
 115
 114
 113
 112
 112
 112
 111
 110
 110
 110
 109
 108
 107
 107
 107
 107
 107
 106
 106
 105
 105
 104
 104
 103
 102
 102
 102
 102
 102
 102
 102
 101
 101
 99
 98
 98
 98
 98
 98
 97
 97
 97
 96
 96
 96
 96
 95
 94
 94
 94
 93
 92
 92
 92
 91
 91
 90
 90
 90
 89
 88
 88
 87
 86
 85
 85
 84
 84
 84
 84
 84
 82
 82
 82
 82
 82
 81
 81
 80
 79
 79
 79
 78
 78
 78
 76
 75
 75
 73
 73
 72
 72
 72
 72
 71
 69
 69
 69
 68
 68
 68
 67
 67
 65
 63
 63
 63
 62
 61
 61
 60
 60
 60
 60
 59
 58
 58
 57
 56
 56
 55
 55
 55
 55
 55
 54
 54
 51
 51
 51
 50
 49
 48
 48
 48
 48
 47
 46
 46
 46
 46
 46
 44
 44
 43
 43
 41
 41
 40
 39
 39
 38
 38
 38
 37
 37
 37
 37
 36
 35
 35
 34
 34
 32
 32
 31
 31
 30
 28
 28
 27
 27
 27
 27
 26
 26
 25
 24
 24
 24
 24
 23
 23
 22
 22
 22
 22
 22
 22
 21
 20
 20

red_nova_stations: 1000
max_weight red nova 1019
star_trace_stations: 2000
max_weight star trace 1019
total : 1562341
total: *10 15623410
redNova components
removed max weight 1019

conected components 1 1000
0 0 0 0 0 0 0 0 0 0 0 0 0 0 0 0 0 0 0 0 0 0 0 0 0 0 0 0 0 0 0 0 0 0 0 0 0 0 0 0 0 0 0 0 0 0 0 0 0 0 0 0 0 0 0 0 0 0 0 0 0 0 0 0 0 0 0 0 0 0 0 0 0 0 0 0 0 0 0 0 0 0 0 0 0 0 0 0 0 0 0 0 0 0 0 0 0 0 0 0 0 0 0 0 0 0 0 0 0 0 0 0 0 0 0 0 0 0 0 0 0 0 0 0 0 0 0 0 0 0 0 0 0 0 0 0 0 0 0 0 0 0 0 0 0 0 0 0 0 0 0 0 0 0 0 0 0 0 0 0 0 0 0 0 0 0 0 0 0 0 0 0 0 0 0 0 0 0 0 0 0 0 0 0 0 0 0 0 0 0 0 0 0 0 0 0 0 0 0 0 0 0 0 0 0 0 0 0 0 0 0 0 0 0 0 0 0 0 0 0 0 0 0 0 0 0 0 0 0 0 0 0 0 0 0 0 0 0 0 0 0 0 0 0 0 0 0 0 0 0 0 0 0 0 0 0 0 0 0 0 0 0 0 0 0 0 0 0 0 0 0 0 0 0 0 0 0 0 0 0 0 0 0 0 0 0 0 0 0 0 0 0 0 0 0 0 0 0 0 0 0 0 0 0 0 0 0 0 0 0 0 0 0 0 0 0 0 0 0 0 0 0 0 0 0 0 0 0 0 0 0 0 0 0 0 0 0 0 0 0 0 0 0 0 0 0 0 0 0 0 0 0 0 1 0 0 0 0 0 0 0 0 0 0 0 0 0 0 0 0 0 0 0 0 0 0 0 0 0 0 0 0 0 0 0 0 0 0 0 0 0 0 0 0 0 0 0 0 0 0 0 0 0 0 0 0 0 0 0 0 0 0 0 0 0 0 0 0 0 0 0 0 0 0 0 0 0 0 0 0 0 0 0 0 0 0 0 2 0 0 0 0 0 0 0 0 0 0 0 0 0 0 0 0 0 0 0 0 0 0 0 0 0 0 0 0 0 0 0 0 0 0 0 0 0 0 0 0 0 0 0 0 0 0 0 0 0 0 0 0 0 0 0 0 0 0 0 0 0 0 0 0 0 0 0 0 0 0 0 0 0 0 0 0 0 0 0 0 0 0 0 0 0 0 0 0 0 0 0 0 0 0 0 0 0 0 0 0 0 0 0 0 0 0 0 0 0 0 0 1 0 0 0 0 0 0 0 0 0 0 0 0 0 0 0 0 0 0 0 0 0 0 0 0 0 0 0 0 0 0 0 0 0 0 0 0 0 0 0 0 0 0 0 0 0 0 0 0 0 0 0 0 0 0 0 0 0 0 0 0 0 0 0 0 0 0 0 0 0 0 0 0 0 0 0 0 0 0 0 0 0 0 0 0 0 0 0 0 0 0 0 0 0 0 0 0 0 0 0 0 0 0 0 0 0 0 0 0 0 0 0 0 0 0 0 0 0 0 0 0 0 0 0 0 0 0 0 0 0 0 0 0 0 0 0 0 0 0 0 0 0 0 0 0 0 0 0 0 0 0 0 0 0 0 0 0 0 0 0 0 0 0 0 0 0 0 0 0 0 0 0 0 0 0 0 0 0 0 0 0 0 0 0 0 0 0 0 0 0 0 0 0 0 0 0 0 0 0 0 0 0 0 0 0 0 0 0 0 0 0 0 0 0 0 0 0 0 0 0 0 0 0 0 0 0 0 0 0 0 0 0 0 2 0 0 0 0 0 0 0 0 0 0 0 0 0 0 0 0 0 0 0 0 0 0 0 0 0 0 0 0 0 0 0 0 0 0 0 0 0 0 0 0 0 0 0 0 0 0 0 0 0 0 0 0 0 0 0 0 0 0 0 0 0 0 0 0 0 0 0 0 0 0 0 0 0 0 0 0 0 0 0 0 0 0 0 0 0 0 0 0 0 0 0 0 0 0 0 0 0 0 0 0 0 0 0 0 0 0 0 0 0 0 0 0 0 0 0 0 0 0 0 0 0 0 0 0 0 0 0 0 0 0 0 0 0 0 0 0 0 0 0 0 0 0 0 0 0 0 0 0 0 0 0 0 0 0 0 0 0 0 0 0 0 0 0 0 0 0 0 0 0 0 0 0 0 0 0 0 0 0 0 0 0 0 0 0 0 0 0 0 0 0 0 0 0 0 0 0 0 0 0 0 0 0 0 0 0 0 0 0 0 0 0 0 0 0 0 0 0 
conected components 2 2000
3 3 3 3 3 3 3 3 3 3 3 3 3 3 3 3 3 3 3 3 3 3 3 3 3 3 3 3 3 3 3 3 3 3 3 3 3 3 3 3 3 3 3 3 3 3 3 3 3 3 3 3 3 3 3 3 3 3 3 3 3 3 3 3 3 3 3 3 3 3 3 3 3 3 3 3 3 3 3 3 3 3 3 3 3 3 3 3 3 3 3 3 3 3 3 3 3 3 3 3 3 3 3 3 3 3 3 3 3 3 3 3 3 3 3 3 3 3 3 3 3 3 3 3 3 3 3 3 3 3 3 3 3 3 3 3 3 3 3 3 3 3 3 3 3 3 3 3 3 3 3 3 3 3 3 3 3 3 3 3 3 3 3 3 3 3 3 3 3 3 3 3 3 3 3 3 3 3 3 3 3 3 3 3 3 3 3 3 3 3 3 3 3 3 3 3 3 3 3 3 3 3 3 3 3 3 3 3 3 3 3 3 3 3 3 3 3 3 3 3 3 3 3 3 3 3 3 3 3 3 3 3 3 3 3 3 3 3 3 3 3 3 3 3 3 3 3 3 3 3 3 3 3 3 3 3 3 3 3 3 3 3 3 3 3 3 3 3 3 3 3 3 3 3 3 3 3 3 3 3 3 3 3 3 3 3 3 3 3 3 3 3 3 3 3 3 3 3 3 3 3 3 3 3 3 3 3 3 3 3 3 3 3 3 3 3 3 3 3 3 3 3 3 3 3 3 3 3 3 3 3 3 3 3 3 3 3 3 3 3 3 3 3 3 3 3 3 3 3 3 3 3 3 3 3 3 3 3 3 3 3 3 3 3 3 3 3 3 3 3 3 3 3 3 3 3 3 3 3 3 3 3 3 3 3 3 3 3 3 3 3 3 3 3 3 3 3 3 3 3 3 3 3 3 3 3 3 3 3 3 3 3 3 3 3 3 3 3 3 3 3 3 3 3 3 3 3 3 3 3 3 3 3 3 3 3 3 3 3 3 3 3 3 3 3 3 3 3 3 3 3 3 3 3 3 3 3 3 3 3 3 3 3 3 3 3 3 3 3 3 3 3 3 3 3 3 3 3 3 3 3 3 3 3 3 3 3 3 3 3 3 3 3 3 3 3 3 3 3 3 3 3 3 3 3 3 3 3 3 3 3 3 3 3 3 3 3 3 3 3 3 3 3 3 3 3 3 3 3 3 3 3 3 3 3 3 3 3 3 3 3 3 3 3 3 3 3 3 3 3 3 3 3 3 3 3 3 3 3 3 3 3 3 3 3 3 3 3 3 3 3 3 3 3 3 3 3 3 3 3 3 3 3 3 3 3 3 3 3 3 3 3 3 3 3 3 3 3 3 3 3 3 3 3 3 3 3 3 3 3 3 3 3 3 3 3 3 3 3 3 3 3 3 3 3 3 3 3 3 3 3 3 3 3 3 3 3 3 3 3 3 3 3 3 3 3 3 3 3 3 3 3 3 3 3 3 3 3 3 3 3 3 3 3 3 3 3 3 3 3 3 3 3 3 3 3 3 3 3 3 3 3 3 3 3 3 3 3 3 3 3 3 3 3 3 3 3 3 3 3 3 3 3 3 3 3 3 3 3 3 3 3 3 3 3 3 3 3 3 3 3 3 3 3 3 3 3 3 3 3 3 3 3 3 3 3 3 3 3 3 3 3 3 3 3 3 3 3 3 3 3 3 3 3 3 3 3 3 3 3 3 3 3 3 3 3 3 3 3 3 3 3 3 3 3 3 3 3 3 3 3 3 3 3 3 3 3 3 3 3 3 3 3 3 3 3 3 3 3 3 3 3 3 3 3 3 3 3 3 3 3 3 3 3 3 3 3 3 3 3 3 3 3 3 3 3 3 3 3 3 3 3 3 3 3 3 3 3 3 3 3 3 3 3 3 3 3 3 3 3 3 3 3 3 3 3 3 3 3 3 3 3 3 3 3 3 3 3 3 3 3 3 3 3 3 3 3 3 3 3 3 3 3 3 3 3 3 3 3 3 3 3 3 3 3 3 3 3 3 3 3 3 3 3 3 3 3 3 3 3 3 3 3 3 3 3 3 3 3 3 3 3 3 3 3 3 3 3 3 3 3 3 3 3 3 3 3 3 3 3 3 3 3 3 3 3 3 3 3 3 3 3 3 3 3 3 3 3 3 3 3 3 3 3 3 3 3 3 3 3 3 3 3 3 3 3 3 3 3 3 3 3 3 3 3 3 3 3 3 3 3 3 3 3 3 3 3 3 3 3 3 3 3 3 3 3 3 3 3 3 3 3 3 3 3 3 3 3 3 3 3 3 3 3 3 3 3 3 3 3 3 3 3 3 3 3 3 3 3 3 3 3 3 3 3 3 3 3 3 3 3 3 3 3 3 3 3 3 3 3 3 3 3 3 3 3 3 3 3 3 3 3 3 3 3 3 3 3 3 3 3 3 3 3 3 3 3 3 3 3 3 3 3 3 3 3 3 3 3 3 3 3 3 3 3 3 3 3 3 3 3 3 3 3 3 3 3 3 3 3 3 3 3 3 3 3 3 3 3 3 3 3 3 3 3 3 3 3 3 3 3 3 3 3 3 3 3 3 3 3 3 3 3 3 3 3 3 3 3 3 3 3 3 3 3 3 3 3 3 3 3 3 3 3 3 3 3 3 3 3 3 3 3 3 3 3 3 3 3 3 3 3 3 3 3 3 3 3 3 3 3 3 3 3 3 3 3 3 3 3 3 3 3 3 3 3 3 3 3 3 3 3 3 3 3 3 3 3 3 3 3 3 3 3 3 3 3 3 3 3 3 3 3 3 3 3 3 3 3 3 3 3 3 3 3 3 3 3 3 3 3 3 3 3 3 3 3 3 3 3 3 3 3 3 3 3 3 3 3 3 3 3 3 3 3 3 3 3 3 3 3 3 3 3 3 3 3 3 3 3 3 3 3 3 3 3 3 3 3 3 3 3 3 3 3 3 3 3 3 3 3 3 3 3 3 3 3 3 3 3 3 3 3 3 3 3 3 3 3 3 3 3 3 3 3 3 3 3 3 3 3 3 3 3 3 3 3 3 3 3 3 3 3 3 3 3 3 3 3 3 3 3 3 3 3 3 3 3 3 3 3 3 3 3 3 3 3 3 3 3 3 3 3 3 3 3 3 3 3 3 3 3 3 3 3 3 3 3 3 3 3 3 3 3 3 3 3 3 3 3 3 3 3 3 3 3 3 3 3 3 3 3 3 3 3 3 3 3 3 3 3 3 3 3 3 3 3 3 3 3 3 3 3 3 3 3 3 3 3 3 3 3 3 3 3 3 3 3 3 3 3 3 3 3 3 3 3 3 3 3 3 3 3 3 3 3 3 3 3 3 3 3 3 3 3 3 3 3 3 3 3 3 3 3 3 3 3 3 3 3 3 3 3 3 3 3 3 3 3 3 3 3 3 3 3 3 3 3 3 3 3 3 3 3 3 3 3 3 3 3 3 3 3 3 3 3 3 3 3 3 3 3 3 3 3 3 3 3 3 3 3 3 3 3 3 3 3 3 3 3 3 3 3 3 3 3 3 3 3 3 3 3 3 3 3 3 3 3 3 3 3 3 3 3 3 3 3 3 3 3 3 3 3 3 3 3 3 3 3 3 3 3 3 3 3 3 3 3 3 3 3 3 3 3 3 3 3 3 3 3 3 3 3 3 3 3 3 3 3 3 3 3 3 3 3 3 3 3 3 3 3 3 3 3 3 3 3 3 3 3 3 3 3 3 3 3 3 3 3 3 3 3 3 3 3 3 3 3 3 3 3 3 3 3 3 3 3 3 3 3 3 3 3 3 3 3 3 3 3 3 3 3 3 3 3 3 3 3 3 3 3 3 3 3 3 3 3 3 3 3 3 3 3 3 3 3 3 3 3 3 3 3 3 3 3 3 3 3 3 3 3 3 3 3 3 3 3 3 3 3 3 3 3 3 3 3 3 3 3 3 3 3 3 3 3 3 3 3 3 3 3 3 3 3 3 3 3 3 3 3 3 3 3 3 3 3 3 3 3 3 3 3 3 3 3 3 3 3 3 3 3 3 3 3 3 3 3 3 3 3 3 3 3 3 3 3 3 3 3 3 3 3 3 3 3 3 3 3 3 3 3 3 3 3 3 3 3 3 3 3 3 3 3 3 3 3 3 3 3 3 3 3 3 3 3 3 3 3 3 3 3 3 3 3 3 3 3 3 3 3 3 3 3 3 3 3 3 3 3 3 3 3 3 3 3 3 3 3 3 3 3 3 3 3 3 3 3 3 3 3 3 3 3 3 3 3 3 3 3 3 3 3 3 3 3 3 3 3 3 3 3 3 3 3 3 3 3 3 3 3 3 3 3 3 3 3 3 3 3 3 3 3 3 3 3 3 3 3 3 3 3 3 3 3 3 3 3 3 3 3 3 3 3 3 3 3 3 3 3 3 3 3 3 3 3 3 3 3 3 3 3 3 3 3 3 3 3 3 3 3 3 3 3 3 3 3 3 3 3 3 
 size: 4

res: 3
starTracs components
removed max weight 1019

conected components 1 2000
0 0 0 0 0 0 0 0 0 0 0 0 0 0 0 0 0 0 1 0 0 0 0 0 0 0 0 0 0 0 0 0 0 0 0 0 0 0 0 0 0 0 0 0 0 0 0 0 0 0 0 0 0 0 0 0 0 0 0 0 0 0 0 0 0 0 0 0 0 0 0 0 0 0 0 0 0 0 0 0 0 0 0 0 0 0 0 0 0 0 0 0 0 0 0 0 0 0 0 0 0 0 0 0 0 0 0 0 0 0 0 0 0 0 0 0 0 0 0 0 0 0 0 0 0 0 0 0 0 0 0 0 0 0 0 0 0 0 0 0 0 0 0 0 0 0 0 0 0 0 0 0 0 0 0 0 0 0 0 0 0 0 0 0 0 0 0 0 0 0 0 0 0 0 0 0 0 0 0 0 0 0 0 0 0 0 0 0 0 0 0 0 0 0 0 0 0 0 0 0 0 0 0 0 0 0 0 0 0 0 0 0 0 0 0 0 0 0 0 0 0 0 0 0 0 0 0 0 0 0 0 0 0 0 0 0 0 0 0 0 0 0 0 0 0 0 0 0 0 0 0 0 0 0 0 0 0 0 0 0 0 0 0 0 0 0 0 0 0 0 0 0 0 0 0 0 0 0 0 0 0 0 0 0 0 0 0 0 0 0 0 0 0 0 0 0 0 0 0 0 0 0 0 0 0 0 0 0 0 0 0 0 0 0 0 0 0 0 0 0 0 0 0 0 0 0 0 0 0 0 0 0 0 0 0 0 0 0 0 0 0 0 0 0 0 0 0 0 0 0 0 0 0 0 0 0 0 0 0 0 0 0 0 0 0 0 0 0 0 0 0 0 0 0 0 0 0 0 0 0 0 0 0 0 0 0 0 0 0 0 0 0 0 0 0 0 0 0 0 0 0 0 0 0 0 0 0 0 0 0 0 0 0 0 0 0 2 0 0 0 0 0 0 0 0 0 0 0 0 0 0 0 0 0 0 0 0 0 0 0 0 0 0 0 0 0 0 0 0 0 0 0 0 0 0 0 0 0 0 0 0 0 0 0 0 0 0 0 0 0 0 0 0 0 0 0 0 0 0 0 0 0 0 0 0 0 0 0 0 0 0 0 0 0 0 0 0 0 0 0 0 0 0 0 0 0 0 0 0 0 0 0 0 0 0 0 0 0 0 0 0 0 0 0 0 0 0 0 0 0 0 0 0 0 0 0 0 0 0 0 0 0 0 0 0 0 0 0 0 0 0 0 0 0 0 0 0 0 0 0 0 0 0 0 0 0 0 0 0 0 0 0 0 0 0 0 0 0 0 0 0 0 0 0 0 0 0 0 0 0 0 0 0 0 0 0 0 0 0 0 0 0 0 0 0 0 0 0 0 0 0 0 0 0 0 0 0 0 0 0 0 0 0 0 0 0 0 0 0 0 0 0 0 0 0 0 0 0 0 0 0 0 0 0 0 0 0 0 0 0 0 0 0 0 0 0 0 0 0 0 0 0 0 0 0 0 0 0 0 0 0 0 0 0 0 0 0 0 0 0 0 0 0 0 0 0 0 0 0 0 0 0 0 0 0 0 0 0 0 0 0 0 0 0 0 0 0 0 0 0 0 0 0 0 0 0 0 0 0 0 0 0 0 0 0 0 0 0 0 0 0 0 0 0 0 0 0 0 0 0 0 0 0 0 0 0 0 0 0 0 0 0 0 0 0 0 0 0 0 0 0 0 0 0 0 0 0 0 0 0 0 0 0 0 0 0 0 0 0 0 0 0 0 0 0 0 0 0 0 0 0 0 0 0 0 0 0 0 0 0 0 0 0 0 0 0 0 0 0 0 0 0 0 0 0 0 0 0 0 0 0 0 0 0 0 0 0 0 0 0 0 0 0 0 0 0 0 0 0 0 1 0 0 0 1 0 0 0 0 0 0 0 0 0 0 0 0 0 0 0 0 0 0 0 0 0 0 0 0 0 0 0 0 0 0 0 0 0 0 0 0 0 0 0 0 0 0 0 0 0 0 0 0 0 0 0 0 0 0 0 0 0 0 0 0 0 0 0 0 0 0 0 0 0 0 0 0 0 0 0 0 0 0 0 0 0 0 0 0 0 0 0 0 0 0 0 0 0 0 0 0 0 0 0 0 0 0 0 0 0 0 0 0 0 0 0 0 0 0 0 0 0 0 0 0 0 0 0 0 0 0 0 0 0 0 0 0 0 0 0 0 0 0 0 0 0 0 0 0 0 0 0 0 0 0 0 0 0 0 0 0 0 0 0 0 0 0 0 0 0 0 0 0 0 0 0 0 0 1 0 0 0 0 0 0 0 0 0 0 0 0 0 0 0 0 0 0 0 0 0 0 0 0 0 0 0 0 0 0 0 0 0 0 0 0 0 0 0 0 0 0 0 0 0 0 0 0 0 0 0 0 0 0 0 0 0 0 0 0 0 0 0 0 0 0 0 0 0 0 0 0 0 0 0 0 0 0 0 0 0 0 0 0 0 0 0 0 0 0 0 0 0 0 0 0 0 0 0 0 0 0 0 0 0 0 0 0 0 0 0 2 0 0 0 0 0 0 0 0 0 0 0 0 0 0 0 0 0 0 0 0 0 0 0 0 0 0 0 0 0 0 0 0 0 0 0 0 0 0 0 0 0 0 0 0 0 0 0 0 0 0 0 0 0 0 0 0 0 0 0 0 0 0 0 0 0 0 0 0 0 0 0 0 0 0 0 0 0 0 0 0 0 0 0 0 0 0 0 0 0 0 0 0 0 0 0 0 0 0 0 0 0 0 0 0 0 0 0 0 0 0 0 0 0 0 0 0 0 0 0 0 0 0 0 0 0 0 0 0 0 0 0 0 0 0 0 0 0 0 0 0 0 0 0 0 0 0 0 0 0 0 0 0 0 0 0 0 0 0 0 0 0 0 0 0 0 0 0 0 0 0 0 0 0 0 0 0 0 0 0 0 0 0 0 0 0 0 0 0 0 0 0 0 0 0 0 0 0 0 0 0 0 0 0 0 0 0 0 0 0 0 0 0 0 0 0 0 0 0 0 0 0 0 0 0 0 0 0 0 0 0 0 0 0 0 0 0 0 0 0 0 0 0 0 0 0 0 0 0 0 0 0 0 0 0 0 0 0 0 0 0 0 0 0 0 0 0 0 0 0 0 0 0 0 0 0 0 0 0 0 0 0 0 0 0 0 0 0 0 0 0 0 0 0 0 0 0 0 0 0 0 0 0 0 0 0 0 0 0 0 0 0 0 0 0 0 0 0 0 0 0 0 0 0 0 0 0 0 0 0 0 0 0 0 0 0 0 0 0 0 0 0 0 0 0 0 0 0 0 0 0 0 0 0 0 0 0 0 0 0 0 0 0 0 0 0 0 0 0 0 0 0 0 0 0 0 0 0 0 0 0 0 0 0 0 0 0 0 0 0 0 0 0 0 0 0 0 0 0 0 0 0 0 0 0 0 0 0 0 0 0 0 0 0 0 0 0 0 0 0 0 0 0 0 0 0 0 0 0 0 0 0 0 0 0 0 0 0 0 0 0 0 0 0 0 0 0 0 0 0 0 0 0 0 0 0 0 0 0 0 0 0 0 0 0 0 0 0 0 0 0 0 0 0 0 0 0 0 0 0 0 0 0 0 0 0 0 0 0 0 0 0 0 0 0 0 0 0 0 0 0 0 0 0 0 0 0 0 0 0 0 0 0 0 0 0 0 0 0 0 0 0 0 0 0 0 0 0 0 0 0 0 0 0 0 0 0 0 0 0 0 0 0 0 0 0 0 0 0 0 0 0 0 0 0 0 0 0 0 0 0 0 0 0 0 0 0 0 0 0 0 0 0 0 0 0 0 0 0 0 0 0 0 0 0 0 0 0 0 0 0 0 0 0 0 0 0 0 0 0 0 0 0 0 0 0 0 0 0 0 0 0 0 0 0 0 0 0 0 0 0 0 0 0 0 0 0 0 0 0 0 0 0 0 0 0 0 0 0 0 0 0 0 0 0 0 0 0 0 0 0 0 0 0 0 0 0 0 0 0 0 0 0 0 0 0 0 0 0 0 0 0 0 0 0 0 0 0 0 0 0 0 0 0 0 0 0 0 0 0 0 0 0 0 0 0 0 0 0 0 0 0 0 0 0 0 0 0 0 0 0 0 0 0 0 0 0 0 0 0 0 0 0 0 0 0 0 0 0 0 0 0 0 0 0 0 0 0 0 0 0 0 0 0 0 0 0 0 0 0 0 0 0 0 0 0 0 0 0 0 0 0 0 0 0 0 0 0 0 0 0 0 0 0 0 0 0 0 0 0 0 0 0 0 0 0 0 0 0 0 0 0 0 0 0 0 0 0 0 0 0 0 0 0 0 0 0 0 0 0 0 0 0 0 0 0 0 0 0 0 0 0 0 0 0 0 0 0 0 0 0 0 0 0 0 0 0 0 0 0 0 0 0 0 0 0 0 0 0 0 0 0 0 0 0 0 0 0 0 0 0 0 0 0 0 0 0 0 0 0 
conected components 2 1000
3 3 3 3 3 3 3 3 3 3 3 3 3 3 3 3 3 3 3 3 3 3 3 3 3 3 3 3 3 3 3 3 3 3 3 3 3 3 3 3 3 3 3 3 3 3 3 3 3 3 3 3 3 3 3 3 3 3 3 3 3 3 3 3 3 3 3 3 3 3 3 3 3 3 3 3 3 3 3 3 3 3 3 3 3 3 3 3 3 3 3 3 3 3 3 3 3 3 3 3 3 3 3 3 3 3 3 3 3 3 3 3 3 3 3 3 3 3 3 3 3 3 3 3 3 3 3 3 3 3 3 3 3 3 3 3 3 3 3 3 3 3 3 3 3 3 3 3 3 3 3 3 3 3 3 3 3 3 3 3 3 3 3 3 3 3 3 3 3 3 3 3 3 3 3 3 3 3 3 3 3 3 3 3 3 3 3 3 3 3 3 3 3 3 3 3 3 3 3 3 3 3 3 3 3 3 3 3 3 3 3 3 3 3 3 3 3 3 3 3 3 3 3 3 3 3 3 3 3 3 3 3 3 3 3 3 3 3 3 3 3 3 3 3 3 3 3 3 3 3 3 3 3 3 3 3 3 3 3 3 3 3 3 3 3 3 3 3 3 3 3 3 3 3 3 3 3 3 3 3 3 3 3 3 3 3 3 3 3 3 3 3 3 3 3 3 3 3 3 3 3 3 3 3 3 3 3 3 3 3 3 3 3 3 3 3 3 3 3 3 3 3 3 3 3 3 3 3 3 3 3 3 3 3 3 3 3 3 3 3 3 3 3 3 3 3 3 3 3 3 3 3 3 3 3 3 3 3 3 3 3 3 3 3 3 3 3 3 3 3 3 3 3 3 3 3 3 3 3 3 3 3 3 3 3 3 3 3 3 3 3 3 3 3 3 3 3 3 3 3 3 3 3 3 3 3 3 3 3 3 3 3 3 3 3 3 3 3 3 3 3 3 3 3 3 3 3 3 3 3 3 3 3 3 3 3 3 3 3 3 3 3 3 3 3 3 3 3 3 3 3 3 3 3 3 3 3 3 3 3 3 3 3 3 3 3 3 3 3 3 3 3 3 3 3 3 3 3 3 3 3 3 3 3 3 3 3 3 3 3 3 3 3 3 3 3 3 3 3 3 3 3 3 3 3 3 3 3 3 3 3 3 3 3 3 3 3 3 3 3 3 3 3 3 3 3 3 3 3 3 3 3 3 3 3 3 3 3 3 3 3 3 3 3 3 3 3 3 3 3 3 3 3 3 3 3 3 3 3 3 3 3 3 3 3 3 3 3 3 3 3 3 3 3 3 3 3 3 3 3 3 3 3 3 3 3 3 3 3 3 3 3 3 3 3 3 3 3 3 3 3 3 3 3 3 3 3 3 3 3 3 3 3 3 3 3 3 3 3 3 3 3 3 3 3 3 3 3 3 3 3 3 3 3 3 3 3 3 3 3 3 3 3 3 3 3 3 3 3 3 3 3 3 3 3 3 3 3 3 3 3 3 3 3 3 3 3 3 3 3 3 3 3 3 3 3 3 3 3 3 3 3 3 3 3 3 3 3 3 3 3 3 3 3 3 3 3 3 3 3 3 3 3 3 3 3 3 3 3 3 3 3 3 3 3 3 3 3 3 3 3 3 3 3 3 3 3 3 3 3 3 3 3 3 3 3 3 3 3 3 3 3 3 3 3 3 3 3 3 3 3 3 3 3 3 3 3 3 3 3 3 3 3 3 3 3 3 3 3 3 3 3 3 3 3 3 3 3 3 3 3 3 3 3 3 3 3 3 3 3 3 3 3 3 3 3 3 3 3 3 3 3 3 3 3 3 3 3 3 3 3 3 3 3 3 3 3 3 3 3 3 3 3 3 3 3 3 3 3 3 3 3 3 3 3 3 3 3 3 3 3 3 3 3 3 3 3 3 3 3 3 3 3 3 3 3 3 3 3 3 3 3 3 3 3 3 3 3 3 3 3 3 3 3 3 3 3 3 3 3 3 3 3 3 3 3 3 3 3 3 3 3 3 3 3 3 3 3 3 3 3 3 3 3 3 3 3 3 3 3 3 3 3 3 3 3 3 3 3 3 3 3 3 3 3 3 3 3 3 3 3 3 3 3 3 3 3 3 3 3 3 3 3 3 3 3 3 3 3 3 3 3 3 3 3 3 3 3 3 3 3 3 3 3 3 3 3 3 3 3 3 3 3 3 3 3 3 3 3 3 3 3 3 3 3 3 3 3 3 3 3 3 3 3 3 3 3 3 3 3 
 size: 4

res: 3
total_values: 
15625810
15626170
