Sum Red Nova 200430
Sum Star Trace 124940
red_nova_stations: 38
total: 325370
from 0 5 974 
from 0 17 167 
from 1 6 417 
from 1 20 26 
from 2 15 111 
from 3 6 614 
from 3 9 921 
from 3 24 239 
from 3 36 965 
from 4 22 503 
from 4 25 306 
from 4 30 179 
from 7 17 730 
from 7 32 656 
from 8 27 765 
from 8 35 786 
from 9 23 261 
from 9 35 488 
from 10 19 460 
from 12 30 618 
from 13 30 854 
from 14 34 648 
from 15 19 139 
from 16 22 62 
from 16 26 641 
from 17 19 784 
from 17 29 312 
from 17 34 456 
from 18 34 180 
from 19 28 479 
from 21 25 762 
from 21 33 327 
from 21 35 876 
from 24 37 769 
from 29 30 771 
from 29 31 822 
size: 64


distance_array
0 5813 1201 4782 1429 974 5396 897 4159 3861 1411 -1 1868 2104 1271 1090 1994 167 803 951 5839 2497 1932 4122 5021 1735 2635 4924 1430 479 1250 1301 1553 2824 623 3373 5747 5790 

distance_array
-1 -1 -1 -1 -1 -1 -1 -1 -1 -1 -1 0 -1 -1 -1 -1 -1 -1 -1 -1 -1 -1 -1 -1 -1 -1 -1 -1 -1 -1 -1 -1 -1 -1 -1 -1 -1 -1 
conected components
0 0 0 0 0 0 0 0 0 0 0 1 0 0 0 0 0 0 0 0 0 0 0 0 0 0 0 0 0 0 0 0 0 0 0 0 0 0 
from 19 to 24 weight 722
from 1 to 19 weight 323

res: 2
total_values: 
333133
329145
