string size: 14
a b 0
b a 0
a b 0
b a 0
a b 0
b b 1
b a 0
a b 0
b b 1
b a 0
a b 0
b b 1
b b 1
1 0 1 0 1 0 0 0 0 0 0 0 0 0 
0 1 0 1 0 1 0 0 0 0 0 0 0 0 
0 0 1 0 1 0 0 0 0 0 0 0 0 0 
0 0 0 1 0 1 0 0 1 0 0 1 0 0 
0 0 0 0 1 0 0 1 0 0 1 0 0 0 
0 0 0 0 0 1 1 0 0 1 0 0 1 0 
0 0 0 0 0 0 1 0 1 0 0 1 0 0 
0 0 0 0 0 0 0 1 0 0 1 0 0 0 
0 0 0 0 0 0 0 0 1 1 0 0 1 0 
0 0 0 0 0 0 0 0 0 1 0 1 0 0 
0 0 0 0 0 0 0 0 0 0 1 0 0 0 
0 0 0 0 0 0 0 0 0 0 0 1 1 1 
0 0 0 0 0 0 0 0 0 0 0 0 1 1 
0 0 0 0 0 0 0 0 0 0 0 0 0 1 
