1 7 1 4 6 9 2 2 9 9 8 11 11 4 2 7 10 1 3 
head_bucket 
0 1 8 9 13 19 28 30 32 41 50 58 69 80 84 86 93 103 104 

106 2
105 81
104 89
103 99
102 73
101 4
100 66
99 18
98 74
97 68
96 32
95 15
94 59
93 105
92 41
91 42
90 5
89 28
88 91
87 86
86 43
85 103
84 36
83 35
82 9
81 100
80 10
79 1
78 67
77 58
76 102
75 30
74 19
73 21
72 93
71 45
70 6
69 24
68 65
67 31
66 0
65 57
64 20
63 97
62 22
61 12
60 79
59 38
58 49
57 62
56 52
55 71
54 63
53 75
52 94
51 53
50 46
49 72
48 3
47 104
46 29
45 64
44 96
43 37
42 55
41 83
40 85
39 92
38 82
37 87
36 69
35 33
34 77
33 16
32 7
31 98
30 44
29 101
28 60
27 88
26 40
25 34
24 23
23 11
22 48
21 70
20 76
19 13
18 80
17 14
16 56
15 95
14 54
13 47
12 84
11 39
10 25
9 26
8 50
7 17
6 27
5 90
4 8
3 78
2 61
1 51
0 106
end_bucket 
0 7 8 12 18 27 29 31 40 49 57 68 79 83 85 92 102 103 106 
106 51 61 78 8 90 27 17 50 26 25 39 84 47 54 95 56 14 80 13 76 70 48 11 23 34 40 88 60 101 44 98 7 16 77 33 69 87 82 92 85 83 55 37 96 64 29 104 3 72 46 53 94 75 63 71 52 62 49 38 79 12 22 97 20 57 0 31 65 24 6 45 93 21 19 30 102 58 67 1 10 100 9 35 36 103 43 86 91 28 5 42 41 105 59 15 32 68 74 18 66 4 73 99 89 81 2 
