   311 
 " 2 
 $ 1 
 ' 1 
 ( 2 
 ) 2 
 , 23 
 - 5 
 . 15 
 0 2 
 1 1 
 2 2 
 3 1 
 4 2 
 8 4 
 A 4 
 E 1 
 H 1 
 I 4 
 O 3 
 R 1 
 S 1 
 T 6 
 U 1 
 a 118 
 b 20 
 c 54 
 d 70 
 e 216 
 f 39 
 g 36 
 h 70 
 i 112 
 j 2 
 k 11 
 l 73 
 m 44 
 n 123 
 o 135 
 p 58 
 q 1 
 r 118 
 s 118 
 t 148 
 u 42 
 v 14 
 w 11 
 x 3 
 y 22 
 z 8 



end_bucket
0 311 313 314 315 317 319 342 347 362 364 365 367 368 370 374 378 379 380 384 387 388 389 395 396 514 534 588 658 874 913 949 1019 1131 1133 1144 1217 1261 1384 1519 1577 1578 1696 1814 1962 2004 2018 2029 2032 2054 2062 

head_bucket
0 1 312 314 315 316 318 320 343 348 363 365 366 368 369 371 375 379 380 381 385 388 389 390 396 397 515 535 589 659 875 914 950 1020 1132 1134 1145 1218 1262 1385 1520 1578 1579 1697 1815 1963 2005 2019 2030 2033 2055 
1 0 0 1 1 0 1 0 0 0 1 0 1 0 1 0 1 0 0 1 1 0 1 1 0 0 1 1 0 1 0 0 0 1 1 0 1 0 1 0 1 0 1 0 0 1 0 0 1 0 0 0 1 1 0 1 0 0 0 1 1 1 0 1 0 1 1 0 1 1 0 0 1 0 1 0 1 0 1 0 1 0 0 1 0 1 0 0 1 1 1 0 1 0 0 1 0 0 0 1 0 1 0 0 1 1 0 1 1 0 0 1 1 1 1 0 0 1 0 0 1 1 1 0 1 1 0 1 0 0 1 1 1 0 0 0 1 1 0 1 0 0 0 1 1 0 1 0 1 0 0 1 1 0 1 1 0 0 1 1 0 1 0 1 0 1 1 1 0 0 1 0 1 0 1 1 0 0 0 1 0 0 1 0 1 1 0 1 0 1 0 0 1 0 0 1 0 0 1 0 1 0 0 0 0 1 0 1 0 1 0 1 1 0 0 0 1 0 0 1 0 0 1 1 0 1 1 1 1 1 1 0 0 1 1 0 1 1 0 1 0 1 0 0 1 0 0 1 1 0 1 0 1 0 0 1 1 0 0 1 1 0 0 0 1 0 1 1 0 1 0 1 0 0 0 0 1 0 0 0 1 0 0 1 1 0 1 0 1 0 0 1 1 0 0 1 1 0 1 1 0 1 0 1 0 0 1 1 0 1 0 0 1 0 1 0 1 0 1 1 0 1 1 0 1 0 0 1 1 1 0 1 1 0 0 1 1 0 1 0 1 0 0 1 0 1 0 1 0 1 0 0 1 1 0 0 0 1 0 0 1 1 0 0 1 0 0 1 0 0 1 0 1 0 1 1 0 1 0 0 0 1 1 0 1 0 1 0 1 1 0 1 0 0 0 0 1 1 0 1 0 0 1 0 1 0 1 0 1 0 1 0 1 0 1 0 0 0 0 0 0 1 0 1 1 0 0 1 0 0 1 1 0 1 0 1 0 1 0 0 1 1 0 1 1 1 0 1 0 1 1 1 0 0 1 0 1 0 0 0 1 0 1 1 0 1 0 1 0 0 1 1 0 1 0 1 1 0 0 1 0 1 0 1 0 1 1 0 0 1 0 1 0 1 0 1 0 1 0 1 0 1 0 1 0 1 0 1 1 1 0 1 1 0 0 0 1 1 0 0 1 0 1 0 0 1 0 1 1 0 1 0 1 1 1 0 0 1 1 0 1 1 0 0 1 0 0 1 0 1 0 0 1 0 1 0 1 1 0 1 1 0 0 1 1 0 0 0 1 1 0 0 1 1 0 0 1 0 1 0 0 1 1 0 1 0 1 0 1 1 0 1 1 0 1 1 0 1 0 1 0 1 0 1 1 0 0 1 0 0 1 0 0 1 0 1 0 1 0 0 1 0 0 1 0 1 0 0 1 1 0 1 1 1 0 1 0 0 1 0 1 0 0 1 0 0 1 0 1 1 1 0 1 0 0 1 0 0 1 1 1 0 1 0 1 0 1 0 1 0 1 0 1 0 1 1 0 1 0 0 0 1 0 1 0 1 0 1 0 1 1 0 1 0 1 1 1 0 1 1 1 1 0 1 0 0 1 0 0 1 0 1 0 0 1 0 0 0 1 1 0 1 1 0 1 0 1 1 1 0 1 0 1 0 0 0 0 1 1 1 1 1 0 0 0 0 1 1 0 0 0 1 0 0 1 0 1 0 1 0 1 0 1 0 0 0 1 0 1 0 1 0 1 0 0 1 1 0 1 1 1 0 1 0 1 0 0 1 0 1 0 1 1 1 0 1 0 0 1 1 0 1 0 1 1 1 1 0 0 1 0 0 0 1 1 0 1 0 1 0 1 0 1 1 0 0 1 1 0 0 1 0 1 1 0 0 0 1 0 0 1 0 1 0 1 0 1 1 0 1 0 1 1 0 0 1 0 0 1 0 0 1 1 0 1 1 1 0 0 1 0 0 1 0 0 0 0 1 0 1 1 0 1 0 0 1 1 0 1 0 1 0 0 0 1 1 0 0 1 0 1 1 0 0 0 1 0 0 1 0 0 0 1 1 0 0 0 1 1 0 1 0 1 0 1 0 1 0 0 0 1 1 0 0 1 0 1 0 0 1 0 0 1 0 0 1 0 0 1 0 1 0 1 0 1 0 0 1 0 1 0 0 1 1 0 0 1 1 1 0 0 1 0 1 0 0 0 1 1 0 1 1 1 0 1 0 0 1 0 0 0 1 1 0 1 0 0 0 1 0 1 0 1 0 1 0 1 1 0 0 1 1 0 1 0 1 0 1 0 0 1 0 0 0 1 1 0 1 0 0 0 1 1 0 0 1 1 0 0 1 0 1 0 0 0 1 1 0 1 0 1 0 0 0 1 0 0 0 1 0 1 1 1 0 1 0 0 1 0 1 0 1 0 0 1 0 0 1 0 1 0 0 0 1 1 0 0 1 0 0 0 1 0 1 0 0 0 0 1 1 0 1 0 1 0 1 0 1 0 1 0 1 0 0 1 0 0 1 0 0 1 0 0 1 0 0 1 1 0 1 0 1 0 0 1 1 0 1 1 0 1 0 1 0 0 1 0 1 1 0 1 0 1 1 0 1 0 1 0 1 1 0 1 0 0 0 1 0 1 0 1 0 1 0 0 0 0 1 1 1 0 0 1 0 0 1 0 1 0 1 0 0 1 0 0 1 0 0 0 1 0 1 0 1 0 1 0 1 1 0 1 1 0 1 0 1 0 0 0 1 1 1 1 0 0 1 0 0 0 1 1 0 1 0 0 0 0 1 1 0 0 1 0 1 0 1 1 0 1 1 0 1 1 0 1 1 0 0 0 0 0 1 1 1 0 0 0 1 0 1 1 0 0 0 1 0 1 0 0 1 1 0 1 0 1 1 0 0 1 1 1 0 1 0 1 1 0 0 1 0 1 0 0 1 1 0 1 0 0 0 0 1 0 0 0 1 1 0 0 0 1 0 0 1 0 1 0 0 1 1 0 1 1 0 1 0 0 0 1 1 0 1 0 1 1 0 0 1 0 1 0 0 1 0 0 0 1 0 0 1 0 1 1 0 0 1 0 0 1 0 0 0 1 0 1 0 0 1 1 0 1 1 0 1 0 0 0 1 0 1 0 0 0 0 1 0 0 0 1 0 1 0 1 0 1 0 0 1 1 1 1 0 1 1 1 1 0 1 0 1 0 1 0 1 1 0 1 0 1 1 1 0 0 1 0 0 1 1 0 0 1 1 0 1 1 0 1 0 1 0 1 0 0 0 1 1 0 0 0 1 1 0 1 1 0 0 1 1 1 1 0 1 1 0 0 1 1 0 1 0 0 1 1 0 1 1 0 1 0 1 0 1 0 1 1 0 0 0 0 1 0 1 1 0 1 0 1 0 0 1 1 1 0 1 0 1 0 1 1 0 1 1 0 1 0 1 0 0 1 1 0 1 0 1 0 1 0 0 1 1 0 1 0 1 1 0 0 1 1 0 1 0 1 0 1 0 0 1 0 0 1 0 1 0 0 1 1 1 0 0 0 1 0 1 1 0 0 1 0 0 1 0 1 1 0 1 0 1 1 0 0 1 0 0 1 0 0 1 0 1 0 1 1 1 0 1 0 1 0 1 1 0 1 0 1 0 0 1 0 1 1 0 0 0 0 1 0 1 1 0 1 0 1 1 0 1 0 0 1 1 0 1 1 0 1 1 0 1 0 0 1 0 0 1 0 0 1 0 0 0 1 1 1 1 0 0 0 1 1 1 1 0 1 1 0 1 0 1 1 0 1 0 1 0 0 0 0 0 0 0 1 0 1 0 1 0 0 1 1 0 0 1 0 0 1 0 1 1 0 0 1 0 0 1 0 1 0 0 1 0 1 0 1 0 0 1 0 1 0 0 1 1 0 1 0 0 0 1 0 1 0 1 1 0 1 0 1 0 1 1 0 1 0 1 0 0 1 1 1 0 0 1 0 0 0 1 0 1 0 1 0 1 0 0 1 1 0 1 1 0 1 0 1 0 1 0 0 1 1 0 0 0 1 1 1 1 1 0 1 1 0 0 1 0 0 1 0 0 0 1 0 1 0 0 1 0 0 1 1 0 0 1 0 0 1 1 0 1 0 0 1 1 0 0 1 0 0 1 1 1 0 0 1 0 0 1 1 1 1 0 1 1 0 0 1 1 0 0 1 0 1 1 0 1 0 0 1 1 0 1 0 1 0 0 0 1 1 0 0 0 1 0 0 1 1 1 0 1 0 1 0 0 1 1 1 0 1 0 0 1 1 0 1 1 0 0 1 0 1 1 0 1 0 0 1 0 1 1 1 0 1 1 1 0 1 1 0 1 1 0 1 1 0 0 0 1 0 0 0 1 1 0 1 0 1 0 1 0 1 0 0 1 1 0 0 1 0 1 1 1 1 0 1 1 0 1 1 1 1 0 1 0 1 0 0 1 0 1 0 0 1 0 1 0 1 0 1 1 0 0 1 1 0 0 1 1 0 1 0 1 0 0 1 1 0 0 1 0 0 0 1 0 1 0 0 0 1 0 1 0 1 0 1 0 0 1 0 1 0 1 1 1 1 0 1 1 0 1 0 0 1 0 0 0 1 1 0 0 1 1 0 1 1 0 1 0 1 0 1 0 0 0 1 
chars

new suffix_array left right
14 3 10 19 26 29 33 40 45 48 52 59 68 78 88 95 99 107 111 124 130 136 143 151 158 161 163 170 179 187 195 205 211 216 222 225 233 236 239 247 250 255 259 280 283 295 301 306 314 324 331 335 343 349 360 367 372 377 381 388 396 399 406 421 430 437 443 454 462 467 479 485 489 493 501 507 516 520 527 532 540 549 552 559 563 572 576 581 584 586 591 594 607 610 613 615 623 631 635 638 646 655 658 664 668 674 681 689 692 706 709 718 724 730 737 746 751 760 766 775 782 784 791 798 803 809 813 820 832 837 846 851 855 858 864 872 879 882 894 898 905 908 912 920 926 930 934 942 945 959 971 977 980 991 994 998 1004 1017 1020 1024 1031 1035 1045 1054 1058 1067 1071 1074 1083 1087 1091 1098 1111 1114 1120 1126 1129 1152 1159 1168 1170 1177 1182 1187 1192 1195 1199 1210 1219 1225 1229 1237 1241 1251 1254 1261 1274 1276 1279 1282 1288 1298 1306 1311 1315 1320 1323 1331 1338 1349 1352 1356 1365 1368 1372 1380 1383 1387 1394 1398 1407 1412 1428 1436 1440 1443 1446 1450 1454 1462 1466 1471 1481 1501 1506 1517 1520 1528 1538 1541 1547 1550 1565 1571 1577 1582 1587 1594 1597 1599 1605 1609 1625 1627 1638 1641 1647 1650 1656 1660 1667 1672 1690 1694 1701 1704 1715 1722 1725 1730 1733 1737 1741 1748 1756 1761 1765 1787 1792 1802 1805 1809 1814 1817 1830 1837 1845 1854 1863 1866 1875 1892 1902 1914 1920 1935 1955 1957 1965 1972 1975 1990 1994 1999 2006 2016 2025 2029 2034 2044 2048 2051 745 -1 -1 957 -1 1140 654 1166 150 429 453 478 515 1053 1082 1119 1125 1287 1393 1546 1593 1836 1874 1891 1913 1934 1954 1989 2005 744 603 174 711 962 966 1774 232 395 571 929 1167 1236 1537 1666 1829 -1 65 291 698 826 1361 204 203 -1 614 1281 1275 585 637 1427 1598 202 636 1169 -1 -1 2010 -1 710 -1 -1 -1 -1 -1 -1 -1 -1 -1 -1 -1 -1 -1 -1 -1 -1 9 162 366 783 1626 1956 2015 -1 -1 -1 -1 -1 -1 -1 -1 -1 -1 -1 -1 -1 -1 -1 -1 -1 -1 -1 -1 -1 -1 -1 -1 -1 -1 -1 6 22 63 85 101 127 146 182 192 198 241 276 288 327 357 370 402 423 449 475 481 491 522 568 597 625 648 670 694 714 726 732 789 822 869 917 922 936 1006 1013 1039 1050 1069 1079 1093 1134 1145 1185 1189 1215 1245 1300 1328 1374 1421 1448 1513 1525 1543 1573 1580 1601 1614 1653 1677 1706 1713 1718 1727 1753 1834 1871 1887 1906 1916 1924 1939 1951 1962 1980 1982 2012 2027 2056 624 1038 -1 -1 -1 -1 -1 -1 -1 -1 -1 -1 -1 -1 -1 -1 435 672 1557 1858 58 1030 1044 275 356 422 669 731 -1 -1 -1 -1 -1 -1 -1 -1 -1 -1 -1 -1 -1 -1 -1 -1 -1 -1 -1 -1 -1 -1 -1 -1 -1 -1 55 74 172 269 414 470 473 505 754 840 885 1027 1041 1123 1489 1499 1585 1680 1710 1782 87 110 142 258 279 334 420 519 562 606 680 717 736 893 897 990 1034 1086 1097 1218 1260 1439 1465 1570 1624 1689 1729 1755 1791 1993 2043 2047 1165 1081 1392 965 394 1235 693 1833 -1 -1 -1 -1 -1 -1 -1 42 154 318 338 352 364 537 544 547 662 1010 1015 1248 1294 1334 1509 1531 1644 1746 1751 1798 1824 1908 2 18 32 44 51 98 129 135 169 178 194 221 246 254 294 305 359 380 575 580 663 673 765 774 797 808 812 911 919 933 976 997 1023 1057 1090 1176 1181 1198 1224 1228 1240 1314 1319 1337 1355 1364 1371 1386 1397 1406 1453 1480 1527 1576 1655 1659 1736 1764 1808 1813 1844 2024 956 1052 1873 173 1773 290 2009 62 181 197 401 567 821 868 1905 1938 1556 753 839 1498 141 278 419 679 716 735 989 1096 1217 1259 1623 1688 2042 41 546 177 -1 -1 -1 -1 -1 -1 -1 -1 -1 -1 -1 -1 -1 -1 -1 -1 -1 -1 -1 -1 -1 -1 -1 -1 -1 -1 -1 -1 -1 -1 -1 14 38 72 76 104 117 148 165 209 219 264 266 286 298 312 321 340 347 386 404 440 460 465 483 511 525 530 556 588 599 601 628 721 770 818 830 900 924 939 948 952 984 1002 1077 1131 1142 1147 1157 1203 1207 1213 1243 1267 1269 1284 1292 1303 1325 1343 1347 1377 1402 1423 1459 1475 1504 1515 1562 1591 1617 1720 1744 1769 1860 1889 1899 1927 1930 1942 1948 1984 1986 1997 2002 2020 2040 2054 47 551 657 857 944 1019 1073 1113 1191 1194 1322 1351 1367 1724 1816 1865 1974 916 1447 1542 351 587 1283 -1 -1 -1 -1 -1 -1 -1 -1 -1 -1 -1 -1 -1 762 1000 1619 157 705 750 790 836 1297 1801 647 43 193 103 459 1302 1376 1458 1888 1983 1457 -1 -1 -1 -1 -1 -1 -1 412 499 687 787 801 861 877 888 1554 1697 1827 500 688 802 871 1586 1671 825 369 713 1005 1184 1188 1579 1652 1717 2026 413 1009 1 31 50 97 134 293 379 574 764 811 910 932 996 1022 1056 1089 1197 1227 1239 1313 1336 1354 1370 1385 1396 1452 1658 1735 1763 1807 2008 75 116 218 439 829 947 1076 1266 1941 2001 -1 -1 -1 -1 83 408 495 503 683 1821 1883 596 57 1029 1043 274 355 171 504 1709 1754 1095 1258 1346 1616 1743 1456 786 800 860 1696 -1 -1 -1 -1 -1 -1 -1 -1 -1 -1 -1 -1 -1 -1 -1 -1 -1 -1 -1 -1 -1 -1 -1 -1 -1 -1 -1 -1 -1 -1 -1 -1 -1 -1 12 16 139 189 207 244 252 303 316 345 433 554 578 617 620 640 643 666 703 756 768 772 842 950 954 987 1048 1105 1107 1117 1172 1201 1205 1359 1400 1404 1419 1433 1478 1491 1523 1552 1560 1607 1635 1692 1739 1767 1771 1784 1811 1842 1869 1896 1977 2018 2022 2058 1497 -1 506 1124 8 2014 1907 418 482 1514 -1 -1 -1 300 667 723 1608 1693 1740 1118 1360 5 100 191 326 921 1068 1078 1299 1373 1712 1726 1915 2011 1569 1391 1745 1823 1175 1555 734 1687 208 339 346 1212 1859 2039 1190 273 354 15 432 619 642 771 953 1047 1171 1204 1403 1432 1770 1868 2021 190 733 1686 618 641 1431 -1 -1 -1 -1 -1 -1 -1 -1 -1 -1 200 456 778 1150 1880 215 1273 1637 240 480 1012 1049 1133 1144 1244 1420 1600 1870 1979 434 1622 265 598 1898 1929 1985 206 344 616 639 986 1976 -1 -1 -1 -1 -1 -1 -1 -1 -1 120 271 677 1101 1612 1675 1850 2037 39 249 387 593 622 645 708 819 904 941 970 1003 1158 1186 1310 1330 1382 1435 1516 1540 1640 1732 1786 1964 1998 2033 1953 928 64 1981 671 109 257 333 518 561 605 892 896 1033 1085 1438 1464 1728 1790 1992 2046 1164 1080 964 393 1234 153 317 337 363 536 543 1014 1247 1293 1333 1508 1530 1750 17 773 1363 1405 2023 955 1772 196 867 988 1146 1206 1561 1590 156 704 749 835 1296 1800 458 876 1553 1826 1615 138 119 -1 -1 -1 -1 -1 -1 -1 -1 -1 -1 -1 -1 -1 -1 -1 -1 -1 -1 427 447 652 758 844 1109 1484 1493 1630 1682 1777 1911 1970 282 612 907 1278 1549 1596 1649 1703 1760 1804 1857 469 884 1122 1832 46 550 656 856 943 1018 1072 1112 1193 1321 1350 1366 1723 1815 1864 1973 350 761 999 665 1116 1358 1606 1691 1738 1496 417 1822 1685 777 214 1272 270 1100 1611 1674 2036 621 644 707 1309 1434 1785 927 1589 748 834 875 426 651 757 843 1108 1483 1492 1629 1681 1776 416 -1 -1 -1 -1 -1 -1 -1 -1 -1 -1 -1 -1 -1 -1 -1 -1 -1 -1 -1 -1 -1 -1 -1 -1 -1 -1 -1 -1 -1 -1 -1 -1 -1 -1 36 80 92 184 309 374 384 391 410 497 685 816 849 890 973 1060 1064 1103 1137 1155 1162 1232 1341 1389 1417 1632 1944 13 609 850 961 521 935 1613 1676 1705 1752 304 579 1318 678 715 13 285 769 951 1130 1141 1202 1291 1342 1401 1474 1768 2019 2053 11 302 577 767 949 1200 1399 1766 1841 2017 325 2038 272 455 1879 1897 1308 874 183 1102 1878 -1 -1 -1 -1 -1 -1 -1 -1 -1 442 466 531 539 634 831 881 925 1128 1250 1449 1505 1604 1646 1714 1919 602 365 287 474 725 1327 1572 1950 2055 54 1026 1040 86 1643 1797 220 1180 1654 566 1904 1937 545 176 71 164 263 510 627 899 1242 1268 1719 1926 915 102 1301 1375 1094 1257 1695 553 1522 1390 199 1132 1143 1621 985 1849 903 940 118 1856 468 883 1121 1495 1684 213 1271 415 35 91 308 383 390 409 496 684 815 848 889 972 1136 1154 1161 1231 1340 1416 1943 1326 1949 626 -1 -1 -1 -1 -1 -1 -1 -1 -1 -1 -1 -1 -1 -1 -1 795 1487 1535 1780 25 77 94 210 238 313 330 342 348 376 405 436 461 484 488 526 548 558 583 630 729 759 845 958 979 1016 1066 1110 1209 1253 1348 1442 1564 1700 1721 1747 1853 1862 2028 2050 653 149 428 452 477 514 1890 1912 1933 743 231 570 1665 1828 1923 796 1575 180 752 838 311 524 1618 712 1651 1716 1008 438 1820 1882 859 243 251 1104 1477 1551 1559 1810 7 2013 1978 1595 1115 1357 79 1631 1840 873 93 341 1563 310 523 242 -1 -1 -1 -1 -1 -1 -1 -1 -1 -1 -1 -1 -1 -1 -1 -1 -1 -1 -1 -1 -1 -1 1533 1946 28 67 106 123 160 186 224 235 323 371 398 590 691 854 863 1379 1411 1461 1470 1500 1581 1901 1971 1139 1286 1545 1988 2004 21 126 145 448 1512 1886 1961 73 128 168 358 975 1526 1843 1051 1872 289 140 277 1216 2041 147 297 600 720 923 938 983 1001 1324 1422 1947 870 824 368 1183 1578 30 49 96 133 378 763 810 909 995 1021 1055 1088 1196 1226 1312 1335 1353 1369 1384 1395 1451 1657 1734 1762 1806 2007 115 828 946 1075 2000 82 407 494 502 682 56 1028 1042 1708 1345 702 755 841 1106 1490 1634 1783 2057 1174 1149 281 611 906 1277 1648 1702 1759 1803 373 1059 565 1936 70 262 1683 1486 1534 1779 24 487 1699 513 1932 742 1664 1819 937 1173 -1 -1 -1 -1 1037 1488 1584 1781 661 411 498 686 1895 1711 1568 1636 676 891 1789 1163 392 1233 362 535 542 1507 457 446 1969 1063 608 960 1307 1877 914 1256 902 794 1065 1852 1558 1532 1945 853 974 81 1092 1214 1524 245 807 1223 1479 403 464 529 555 1503 1996 188 781 84 490 400 320 217 1265 315 969 1910 1388 1418 1473 261 492 878 993 1070 1151 1305 1445 1519 1592 1835 1536 697 201 268 472 1679 887 425 1317 1881 1264 -1 788 253 1812 37 385 817 1156 785 
right to left 


